warn: DRAM device capacity (8192 Mbytes) does not match the address range assigned (65536 Mbytes)
warn: DRAM device capacity (8192 Mbytes) does not match the address range assigned (65536 Mbytes)
info: Entering event queue @ 0.  Starting simulation...
info: Increasing stack size by one page.
info: Increasing stack size by one page.
info: Increasing stack size by one page.
info: Increasing stack size by one page.
warn: ignoring syscall mprotect(...)
warn: ignoring syscall mprotect(...)
warn: ignoring syscall mprotect(...)
warn: ignoring syscall mprotect(...)
warn: ignoring syscall mprotect(...)
warn: ignoring syscall mprotect(...)
warn: ignoring syscall mprotect(...)
warn: ignoring syscall mprotect(...)
warn: ignoring syscall mprotect(...)
warn: ignoring syscall mprotect(...)
warn: ignoring syscall mprotect(...)
warn: ignoring syscall mprotect(...)
warn: ignoring syscall mprotect(...)
warn: ignoring syscall mprotect(...)
warn: ignoring syscall mprotect(...)
warn: ignoring syscall mprotect(...)
warn: ignoring syscall mprotect(...)
warn: ignoring syscall mprotect(...)
warn: ignoring syscall mprotect(...)
warn: ignoring syscall mprotect(...)
warn: ignoring syscall mprotect(...)
warn: ignoring syscall mprotect(...)
warn: ignoring syscall mprotect(...)
warn: ignoring syscall mprotect(...)
warn: ignoring syscall mprotect(...)
warn: ignoring syscall mprotect(...)
warn: ignoring syscall mprotect(...)
warn: ignoring syscall mprotect(...)
warn: ignoring syscall mprotect(...)
warn: ignoring syscall mprotect(...)
warn: ignoring syscall mprotect(...)
warn: ignoring syscall mprotect(...)
warn: ignoring syscall mprotect(...)
warn: ignoring syscall mprotect(...)
warn: ignoring syscall mprotect(...)
warn: ignoring syscall mprotect(...)
warn: ignoring syscall mprotect(...)
warn: ignoring syscall mprotect(...)
warn: ignoring syscall mprotect(...)
warn: ignoring syscall set_robust_list(...)
warn: ignoring syscall set_robust_list(...)
warn: ignoring syscall set_robust_list(...)
warn: ignoring syscall mprotect(...)
warn: ignoring syscall set_robust_list(...)
warn: ignoring syscall rt_sigaction(...)
warn: ignoring syscall rt_sigaction(...)
warn: ignoring syscall rt_sigaction(...)
warn: ignoring syscall rt_sigaction(...)
warn: ignoring syscall rt_sigprocmask(...)
      (further warnings will be suppressed)
warn: ignoring syscall rt_sigaction(...)
warn: ignoring syscall rt_sigaction(...)
warn: ignoring syscall rt_sigaction(...)
warn: ignoring syscall rt_sigaction(...)
warn: ignoring syscall rt_sigaction(...)
warn: ignoring syscall rt_sigaction(...)
warn: ignoring syscall rt_sigaction(...)
warn: ignoring syscall rt_sigaction(...)
warn: ignoring syscall rt_sigaction(...)
warn: ignoring syscall rt_sigaction(...)
warn: ignoring syscall rt_sigaction(...)
warn: ignoring syscall rt_sigaction(...)
warn: ignoring syscall sigaltstack(...)
warn: ignoring syscall rt_sigaction(...)
warn: ignoring syscall rt_sigaction(...)
warn: ignoring syscall sigaltstack(...)
warn: ignoring syscall sigaltstack(...)
warn: ignoring syscall rt_sigaction(...)
warn: ignoring syscall rt_sigaction(...)
warn: ignoring syscall sigaltstack(...)
warn: fcntl64(3, 1) passed through to host
warn: fcntl64(3, 1) passed through to host
warn: fcntl64(3, 1) passed through to host
warn: fcntl64(3, 1) passed through to host
warn: mremapping to new vaddr 0x3fffdb2000-0x3fffe13000, adding 196608
warn: returning 0x3fffdb2000 as start
warn: mremapping to new vaddr 0x3fffdb2000-0x3fffe13000, adding 196608
warn: returning 0x3fffdb2000 as start
warn: mremapping to new vaddr 0x3fffdb2000-0x3fffe13000, adding 196608
warn: returning 0x3fffdb2000 as start
warn: mremapping to new vaddr 0x3fffdb2000-0x3fffe13000, adding 196608
warn: returning 0x3fffdb2000 as start
warn: mremapping to new vaddr 0x3fffcf1000-0x3fffdb2000, adding 393216
warn: returning 0x3fffcf1000 as start
warn: mremapping to new vaddr 0x3fffcf1000-0x3fffdb2000, adding 393216
warn: returning 0x3fffcf1000 as start
warn: mremapping to new vaddr 0x3fffcf1000-0x3fffdb2000, adding 393216
warn: returning 0x3fffcf1000 as start
warn: mremapping to new vaddr 0x3fffcf1000-0x3fffdb2000, adding 393216
warn: returning 0x3fffcf1000 as start
warn: mremapping to new vaddr 0x3fffb70000-0x3fffcf1000, adding 786432
warn: returning 0x3fffb70000 as start
warn: mremapping to new vaddr 0x3fffb70000-0x3fffcf1000, adding 786432
warn: returning 0x3fffb70000 as start
warn: mremapping to new vaddr 0x3fffb70000-0x3fffcf1000, adding 786432
warn: returning 0x3fffb70000 as start
warn: mremapping to new vaddr 0x3fffb70000-0x3fffcf1000, adding 786432
warn: returning 0x3fffb70000 as start
warn: mremapping to new vaddr 0x3fff86f000-0x3fffb70000, adding 1572864
warn: returning 0x3fff86f000 as start
warn: mremapping to new vaddr 0x3fff86f000-0x3fffb70000, adding 1572864
warn: returning 0x3fff86f000 as start
warn: mremapping to new vaddr 0x3fff86f000-0x3fffb70000, adding 1572864
warn: returning 0x3fff86f000 as start
warn: mremapping to new vaddr 0x3fff86f000-0x3fffb70000, adding 1572864
warn: returning 0x3fff86f000 as start
warn: mremapping to new vaddr 0x3fff26e000-0x3fff86f000, adding 3145728
warn: returning 0x3fff26e000 as start
warn: mremapping to new vaddr 0x3fff26e000-0x3fff86f000, adding 3145728
warn: returning 0x3fff26e000 as start
warn: mremapping to new vaddr 0x3fff26e000-0x3fff86f000, adding 3145728
warn: returning 0x3fff26e000 as start
warn: mremapping to new vaddr 0x3fff26e000-0x3fff86f000, adding 3145728
warn: returning 0x3fff26e000 as start
warn: mremapping to new vaddr 0x3ffe66d000-0x3fff26e000, adding 6291456
warn: returning 0x3ffe66d000 as start
warn: mremapping to new vaddr 0x3ffe66d000-0x3fff26e000, adding 6291456
warn: returning 0x3ffe66d000 as start
warn: mremapping to new vaddr 0x3ffe66d000-0x3fff26e000, adding 6291456
warn: returning 0x3ffe66d000 as start
warn: mremapping to new vaddr 0x3ffe66d000-0x3fff26e000, adding 6291456
warn: returning 0x3ffe66d000 as start
warn: mremapping to new vaddr 0x3ffce6c000-0x3ffe66d000, adding 12582912
warn: returning 0x3ffce6c000 as start
warn: mremapping to new vaddr 0x3ffce6c000-0x3ffe66d000, adding 12582912
warn: returning 0x3ffce6c000 as start
warn: mremapping to new vaddr 0x3ffce6c000-0x3ffe66d000, adding 12582912
warn: returning 0x3ffce6c000 as start
warn: mremapping to new vaddr 0x3ffce6c000-0x3ffe66d000, adding 12582912
warn: returning 0x3ffce6c000 as start
